<?xml version="1.0" encoding="UTF-8"?>
<!-- Generated by org.testng.reporters.JUnitXMLReporter -->
<testsuite ignored="1" hostname="DESKTOP-102IL3T" failures="0" tests="3" name="Test" time="4.897" errors="0" timestamp="2024-08-08T12:22:07 IST">
  <testcase classname="com.Amazokart.regestertest.RegisterTest" name="createUser_invalidData" time="0.642"/>
  <testcase classname="com.Amazokart.regestertest.RegisterTest" name="createUser_invalidData" time="0.474"/>
  <testcase classname="com.Amazokart.regestertest.RegisterTest" name="createUser_invalidData" time="0.51"/>
  <testcase classname="com.Amazokart.regestertest.RegisterTest" name="createUser_validData" time="0.0">
    <ignored/>
  </testcase> <!-- createUser_validData -->
</testsuite> <!-- Test -->
