<?xml version="1.0" encoding="UTF-8"?>
<!-- Generated by org.testng.reporters.JUnitXMLReporter -->
<testsuite ignored="6" hostname="DESKTOP-102IL3T" failures="0" tests="4" name="Test1" time="0.115" errors="0" timestamp="2024-08-02T12:05:37 IST">
  <testcase classname="com.Amazokart.kidsproducttest.Kidsproduct" name="addproduct" time="0.018"/>
  <testcase classname="com.Amazokart.kidsproducttest.Kidsproduct" name="addproduct" time="0.004"/>
  <testcase classname="com.Amazokart.kidsproducttest.Kidsproduct2" name="addproduct" time="0.003"/>
  <testcase classname="com.Amazokart.kidsproducttest.Kidsproduct3" name="addproduct" time="0.008"/>
  <testcase classname="com.Amazokart.kidsproducttest.Kidsproduct3" name="updateproduct" time="0.0">
    <ignored/>
  </testcase> <!-- updateproduct -->
  <testcase classname="com.Amazokart.kidsproducttest.Kidsproduct" name="updateproduct" time="0.0">
    <ignored/>
  </testcase> <!-- updateproduct -->
  <testcase classname="com.Amazokart.kidsproducttest.Kidsproduct2" name="updateproduct" time="0.0">
    <ignored/>
  </testcase> <!-- updateproduct -->
  <testcase classname="com.Amazokart.kidsproducttest.Kidsproduct3" name="deleteproduct" time="0.0">
    <ignored/>
  </testcase> <!-- deleteproduct -->
  <testcase classname="com.Amazokart.kidsproducttest.Kidsproduct" name="deleteproduct" time="0.0">
    <ignored/>
  </testcase> <!-- deleteproduct -->
  <testcase classname="com.Amazokart.kidsproducttest.Kidsproduct2" name="deleteproduct" time="0.0">
    <ignored/>
  </testcase> <!-- deleteproduct -->
</testsuite> <!-- Test1 -->
