<?xml version="1.0" encoding="UTF-8"?>
<!-- Generated by org.testng.reporters.JUnitXMLReporter -->
<testsuite ignored="7" hostname="DESKTOP-102IL3T" failures="0" tests="4" name="Test3" time="0.04" errors="0" timestamp="2024-08-02T12:05:37 IST">
  <testcase classname="com.Amazokart.kidsproducttest.Kidsproduct7" name="addproduct" time="0.002"/>
  <testcase classname="com.Amazokart.kidsproducttest.Kidsproduct8" name="addproduct" time="0.005"/>
  <testcase classname="com.Amazokart.kidsproducttest.Kidsproduct9" name="addproduct" time="0.004"/>
  <testcase classname="com.Amazokart.kidsproducttest.Kidsproduct10" name="addproduct" time="0.004"/>
  <testcase classname="com.Amazokart.kidsproducttest.Kidsproduct7" name="deleteproduct" time="0.0">
    <ignored/>
  </testcase> <!-- deleteproduct -->
  <testcase classname="com.Amazokart.kidsproducttest.Kidsproduct8" name="deleteproduct" time="0.0">
    <ignored/>
  </testcase> <!-- deleteproduct -->
  <testcase classname="com.Amazokart.kidsproducttest.Kidsproduct9" name="deleteproduct" time="0.0">
    <ignored/>
  </testcase> <!-- deleteproduct -->
  <testcase classname="com.Amazokart.kidsproducttest.Kidsproduct10" name="deleteproduct" time="0.0">
    <ignored/>
  </testcase> <!-- deleteproduct -->
  <testcase classname="com.Amazokart.kidsproducttest.Kidsproduct7" name="updateproduct" time="0.0">
    <ignored/>
  </testcase> <!-- updateproduct -->
  <testcase classname="com.Amazokart.kidsproducttest.Kidsproduct8" name="updateproduct" time="0.0">
    <ignored/>
  </testcase> <!-- updateproduct -->
  <testcase classname="com.Amazokart.kidsproducttest.Kidsproduct10" name="updateproduct" time="0.0">
    <ignored/>
  </testcase> <!-- updateproduct -->
</testsuite> <!-- Test3 -->
