<?xml version="1.0" encoding="UTF-8"?>
<!-- Generated by org.testng.reporters.JUnitXMLReporter -->
<testsuite ignored="6" hostname="DESKTOP-102IL3T" failures="0" tests="3" name="Test2" time="0.016" errors="0" timestamp="2024-08-02T12:05:37 IST">
  <testcase classname="com.Amazokart.kidsproducttest.Kidsproduct4" name="addproduct" time="0.003"/>
  <testcase classname="com.Amazokart.kidsproducttest.Kidsproduct5" name="addproduct" time="0.002"/>
  <testcase classname="com.Amazokart.kidsproducttest.Kidsproduct6" name="addproduct" time="0.002"/>
  <testcase classname="com.Amazokart.kidsproducttest.Kidsproduct6" name="updateproduct" time="0.0">
    <ignored/>
  </testcase> <!-- updateproduct -->
  <testcase classname="com.Amazokart.kidsproducttest.Kidsproduct4" name="updateproduct" time="0.0">
    <ignored/>
  </testcase> <!-- updateproduct -->
  <testcase classname="com.Amazokart.kidsproducttest.Kidsproduct6" name="deleteproduct" time="0.0">
    <ignored/>
  </testcase> <!-- deleteproduct -->
  <testcase classname="com.Amazokart.kidsproducttest.Kidsproduct4" name="deleteproduct" time="0.0">
    <ignored/>
  </testcase> <!-- deleteproduct -->
  <testcase classname="com.Amazokart.kidsproducttest.Kidsproduct5" name="deleteproduct" time="0.0">
    <ignored/>
  </testcase> <!-- deleteproduct -->
  <testcase classname="com.Amazokart.kidsproducttest.Kidsproduct5" name="updateproduct" time="0.0">
    <ignored/>
  </testcase> <!-- updateproduct -->
</testsuite> <!-- Test2 -->
