<?xml version="1.0" encoding="UTF-8"?>
<testng-results ignored="1" total="4" passed="3" failed="0" skipped="0">
  <reporter-output>
    <line>
      <![CDATA[Get SuiteConnections Done Sucessful]]>
    </line>
    <line>
      <![CDATA[precondition Done Sucessful]]>
    </line>
    <line>
      <![CDATA[BrowserSetup Sucessful]]>
    </line>
    <line>
      <![CDATA[login Sucessful]]>
    </line>
    <line>
      <![CDATA[createUser_InvalidData for Register Test]]>
    </line>
    <line>
      <![CDATA[Logout Sucessful]]>
    </line>
    <line>
      <![CDATA[login Sucessful]]>
    </line>
    <line>
      <![CDATA[createUser_InvalidData for Register Test]]>
    </line>
    <line>
      <![CDATA[Logout Sucessful]]>
    </line>
    <line>
      <![CDATA[login Sucessful]]>
    </line>
    <line>
      <![CDATA[createUser_InvalidData for Register Test]]>
    </line>
    <line>
      <![CDATA[Logout Sucessful]]>
    </line>
    <line>
      <![CDATA[Closebrowser Sucessful]]>
    </line>
    <line>
      <![CDATA[postcondition Done Sucessful]]>
    </line>
    <line>
      <![CDATA[Terminate Suiteconnection Done Sucessful]]>
    </line>
  </reporter-output>
  <suite started-at="2024-08-08T12:22:02 IST" name="Suite" finished-at="2024-08-08T12:22:07 IST" duration-ms="4897">
    <groups>
    </groups>
    <test started-at="2024-08-08T12:22:02 IST" name="Test" finished-at="2024-08-08T12:22:07 IST" duration-ms="4897">
      <class name="com.Amazokart.regestertest.RegisterTest">
        <test-method is-config="true" signature="getSuiteConnections()[pri:0, instance:com.Amazokart.regestertest.RegisterTest@51c668e3]" started-at="2024-08-08T12:22:02 IST" name="getSuiteConnections" finished-at="2024-08-08T12:22:02 IST" duration-ms="14" status="PASS">
          <reporter-output>
            <line>
              <![CDATA[Get SuiteConnections Done Sucessful]]>
            </line>
          </reporter-output>
        </test-method> <!-- getSuiteConnections -->
        <test-method is-config="true" signature="precondition()[pri:0, instance:com.Amazokart.regestertest.RegisterTest@51c668e3]" started-at="2024-08-08T12:22:02 IST" name="precondition" finished-at="2024-08-08T12:22:02 IST" duration-ms="1" status="PASS">
          <reporter-output>
            <line>
              <![CDATA[precondition Done Sucessful]]>
            </line>
          </reporter-output>
        </test-method> <!-- precondition -->
        <test-method is-config="true" signature="browserSetup(java.lang.String)[pri:0, instance:com.Amazokart.regestertest.RegisterTest@51c668e3]" started-at="2024-08-08T12:22:02 IST" name="browserSetup" finished-at="2024-08-08T12:22:05 IST" duration-ms="3015" status="PASS">
          <params>
            <param index="0">
              <value>
                <![CDATA[chrome]]>
              </value>
            </param>
          </params>
          <reporter-output>
            <line>
              <![CDATA[BrowserSetup Sucessful]]>
            </line>
          </reporter-output>
        </test-method> <!-- browserSetup -->
        <test-method is-config="true" signature="login()[pri:0, instance:com.Amazokart.regestertest.RegisterTest@51c668e3]" started-at="2024-08-08T12:22:05 IST" name="login" finished-at="2024-08-08T12:22:05 IST" duration-ms="2" status="PASS">
          <reporter-output>
            <line>
              <![CDATA[login Sucessful]]>
            </line>
          </reporter-output>
        </test-method> <!-- login -->
        <test-method signature="createUser_invalidData(java.lang.String,java.lang.String,java.lang.String)[pri:0, instance:com.Amazokart.regestertest.RegisterTest@51c668e3]" started-at="2024-08-08T12:22:05 IST" name="createUser_invalidData" data-provider="Register" finished-at="2024-08-08T12:22:06 IST" duration-ms="642" status="PASS">
          <params>
            <param index="0">
              <value>
                <![CDATA[Bhargavi]]>
              </value>
            </param>
            <param index="1">
              <value>
                <![CDATA[bharu123@gmail.com]]>
              </value>
            </param>
            <param index="2">
              <value>
                <![CDATA[Bharu@1234]]>
              </value>
            </param>
          </params>
          <reporter-output>
            <line>
              <![CDATA[createUser_InvalidData for Register Test]]>
            </line>
          </reporter-output>
        </test-method> <!-- createUser_invalidData -->
        <test-method is-config="true" signature="Logout()[pri:0, instance:com.Amazokart.regestertest.RegisterTest@51c668e3]" started-at="2024-08-08T12:22:06 IST" name="Logout" finished-at="2024-08-08T12:22:06 IST" duration-ms="1" status="PASS">
          <reporter-output>
            <line>
              <![CDATA[Logout Sucessful]]>
            </line>
          </reporter-output>
        </test-method> <!-- Logout -->
        <test-method is-config="true" signature="login()[pri:0, instance:com.Amazokart.regestertest.RegisterTest@51c668e3]" started-at="2024-08-08T12:22:06 IST" name="login" finished-at="2024-08-08T12:22:06 IST" duration-ms="1" status="PASS">
          <reporter-output>
            <line>
              <![CDATA[login Sucessful]]>
            </line>
          </reporter-output>
        </test-method> <!-- login -->
        <test-method signature="createUser_invalidData(java.lang.String,java.lang.String,java.lang.String)[pri:0, instance:com.Amazokart.regestertest.RegisterTest@51c668e3]" started-at="2024-08-08T12:22:06 IST" name="createUser_invalidData" data-provider="Register" finished-at="2024-08-08T12:22:06 IST" duration-ms="474" status="PASS">
          <params>
            <param index="0">
              <value>
                <![CDATA[Abhi]]>
              </value>
            </param>
            <param index="1">
              <value>
                <![CDATA[abhi123@gmail.com]]>
              </value>
            </param>
            <param index="2">
              <value>
                <![CDATA[Abhi@123]]>
              </value>
            </param>
          </params>
          <reporter-output>
            <line>
              <![CDATA[createUser_InvalidData for Register Test]]>
            </line>
          </reporter-output>
        </test-method> <!-- createUser_invalidData -->
        <test-method is-config="true" signature="Logout()[pri:0, instance:com.Amazokart.regestertest.RegisterTest@51c668e3]" started-at="2024-08-08T12:22:06 IST" name="Logout" finished-at="2024-08-08T12:22:06 IST" duration-ms="1" status="PASS">
          <reporter-output>
            <line>
              <![CDATA[Logout Sucessful]]>
            </line>
          </reporter-output>
        </test-method> <!-- Logout -->
        <test-method is-config="true" signature="login()[pri:0, instance:com.Amazokart.regestertest.RegisterTest@51c668e3]" started-at="2024-08-08T12:22:06 IST" name="login" finished-at="2024-08-08T12:22:06 IST" duration-ms="1" status="PASS">
          <reporter-output>
            <line>
              <![CDATA[login Sucessful]]>
            </line>
          </reporter-output>
        </test-method> <!-- login -->
        <test-method signature="createUser_invalidData(java.lang.String,java.lang.String,java.lang.String)[pri:0, instance:com.Amazokart.regestertest.RegisterTest@51c668e3]" started-at="2024-08-08T12:22:06 IST" name="createUser_invalidData" data-provider="Register" finished-at="2024-08-08T12:22:07 IST" duration-ms="510" status="PASS">
          <params>
            <param index="0">
              <value>
                <![CDATA[Nischala]]>
              </value>
            </param>
            <param index="1">
              <value>
                <![CDATA[nischala123@gmail.com]]>
              </value>
            </param>
            <param index="2">
              <value>
                <![CDATA[Nischala@1234]]>
              </value>
            </param>
          </params>
          <reporter-output>
            <line>
              <![CDATA[createUser_InvalidData for Register Test]]>
            </line>
          </reporter-output>
        </test-method> <!-- createUser_invalidData -->
        <test-method is-config="true" signature="Logout()[pri:0, instance:com.Amazokart.regestertest.RegisterTest@51c668e3]" started-at="2024-08-08T12:22:07 IST" name="Logout" finished-at="2024-08-08T12:22:07 IST" duration-ms="2" status="PASS">
          <reporter-output>
            <line>
              <![CDATA[Logout Sucessful]]>
            </line>
          </reporter-output>
        </test-method> <!-- Logout -->
        <test-method is-config="true" signature="closebrowser()[pri:0, instance:com.Amazokart.regestertest.RegisterTest@51c668e3]" started-at="2024-08-08T12:22:07 IST" name="closebrowser" finished-at="2024-08-08T12:22:07 IST" duration-ms="141" status="PASS">
          <reporter-output>
            <line>
              <![CDATA[Closebrowser Sucessful]]>
            </line>
          </reporter-output>
        </test-method> <!-- closebrowser -->
        <test-method is-config="true" signature="postcondition()[pri:0, instance:com.Amazokart.regestertest.RegisterTest@51c668e3]" started-at="2024-08-08T12:22:07 IST" name="postcondition" finished-at="2024-08-08T12:22:07 IST" duration-ms="2" status="PASS">
          <reporter-output>
            <line>
              <![CDATA[postcondition Done Sucessful]]>
            </line>
          </reporter-output>
        </test-method> <!-- postcondition -->
        <test-method is-config="true" signature="terminateSuiteconnection()[pri:0, instance:com.Amazokart.regestertest.RegisterTest@51c668e3]" started-at="2024-08-08T12:22:07 IST" name="terminateSuiteconnection" finished-at="2024-08-08T12:22:07 IST" duration-ms="0" status="PASS">
          <reporter-output>
            <line>
              <![CDATA[Terminate Suiteconnection Done Sucessful]]>
            </line>
          </reporter-output>
        </test-method> <!-- terminateSuiteconnection -->
      </class> <!-- com.Amazokart.regestertest.RegisterTest -->
    </test> <!-- Test -->
  </suite> <!-- Suite -->
</testng-results>
